c:\users\administrator\desktop\bameware 2018\bameware\release\antiaim.obj
c:\users\administrator\desktop\bameware 2018\bameware\release\boxesp.obj
c:\users\administrator\desktop\bameware 2018\bameware\release\eventlisteners.obj
c:\users\administrator\desktop\bameware 2018\bameware\release\misc.obj
c:\users\administrator\desktop\bameware 2018\bameware\release\skinchanger.obj
c:\users\administrator\desktop\bameware 2018\bameware\release\imgui_draw.obj
c:\users\administrator\desktop\bameware 2018\bameware\release\sounds.obj
c:\users\administrator\desktop\bameware 2018\bameware\release\ppgui.obj
c:\users\administrator\desktop\bameware 2018\bameware\release\sdk.obj
c:\users\administrator\desktop\bameware 2018\bameware\release\interfaces.obj
c:\users\administrator\desktop\bameware 2018\bameware\release\offsets.obj
c:\users\administrator\desktop\bameware 2018\bameware\release\aimbot.obj
c:\users\administrator\desktop\bameware 2018\bameware\release\chams.obj
c:\users\administrator\desktop\bameware 2018\bameware\release\fakewalk.obj
c:\users\administrator\desktop\bameware 2018\bameware\release\legitbot.obj
c:\users\administrator\desktop\bameware 2018\bameware\release\skeletonesp.obj
c:\users\administrator\desktop\bameware 2018\bameware\release\visualsmisc.obj
c:\users\administrator\desktop\bameware 2018\bameware\release\imgui_demo.obj
c:\users\administrator\desktop\bameware 2018\bameware\release\menu.obj
c:\users\administrator\desktop\bameware 2018\bameware\release\ppgui_helpers.obj
c:\users\administrator\desktop\bameware 2018\bameware\release\hooks.obj
c:\users\administrator\desktop\bameware 2018\bameware\release\netvarmanager.obj
c:\users\administrator\desktop\bameware 2018\bameware\release\variables.obj
c:\users\administrator\desktop\bameware 2018\bameware\release\autostrafer.obj
c:\users\administrator\desktop\bameware 2018\bameware\release\backtracking.obj
c:\users\administrator\desktop\bameware 2018\bameware\release\engineprediction.obj
c:\users\administrator\desktop\bameware 2018\bameware\release\ingamelogger.obj
c:\users\administrator\desktop\bameware 2018\bameware\release\configurations.obj
c:\users\administrator\desktop\bameware 2018\bameware\release\visualizebacktrack.obj
c:\users\administrator\desktop\bameware 2018\bameware\release\world textures.obj
c:\users\administrator\desktop\bameware 2018\bameware\release\imgui_widgets.obj
c:\users\administrator\desktop\bameware 2018\bameware\release\ppgui_commands.obj
c:\users\administrator\desktop\bameware 2018\bameware\release\debugger.obj
c:\users\administrator\desktop\bameware 2018\bameware\release\logging.obj
c:\users\administrator\desktop\bameware 2018\bameware\release\utils.obj
c:\users\administrator\desktop\bameware 2018\bameware\release\dll.obj
c:\users\administrator\desktop\bameware 2018\bameware\release\autowall.obj
c:\users\administrator\desktop\bameware 2018\bameware\release\circlestrafer.obj
c:\users\administrator\desktop\bameware 2018\bameware\release\glow.obj
c:\users\administrator\desktop\bameware 2018\bameware\release\resolver.obj
c:\users\administrator\desktop\bameware 2018\bameware\release\visuals.obj
c:\users\administrator\desktop\bameware 2018\bameware\release\imgui.obj
c:\users\administrator\desktop\bameware 2018\bameware\release\imgui_tables.obj
c:\users\administrator\desktop\bameware 2018\bameware\release\main.obj
c:\users\administrator\desktop\bameware 2018\bameware\release\ppgui_defines.obj
c:\users\administrator\desktop\bameware 2018\bameware\release\input_handler.obj
c:\users\administrator\desktop\bameware 2018\bameware\release\math.obj
c:\users\administrator\desktop\bameware 2018\bameware\release\render.obj
c:\users\administrator\desktop\bameware 2018\bameware\release\vmt.obj
c:\users\administrator\desktop\bameware 2018\bameware\release\vc141.pdb
c:\users\administrator\desktop\bameware 2018\bameware\release\bameware legacy.tlog\cl.17476.write.1.tlog
c:\users\administrator\desktop\bameware 2018\bameware\release\bameware legacy.tlog\cl.command.1.tlog
c:\users\administrator\desktop\bameware 2018\bameware\release\bameware legacy.tlog\cl.read.1.tlog
