  Aimbot.cpp
  Antiaim.cpp
  Autostrafer.cpp
  Autowall.cpp
  Backtracking.cpp
  BoxESP.cpp
  Chams.cpp
  CircleStrafer.cpp
  EnginePrediction.cpp
  EventListeners.cpp
  Fakewalk.cpp
  Glow.cpp
  InGameLogger.cpp
  Legitbot.cpp
  Misc.cpp
  Resolver.cpp
  Configurations.cpp
  SkeletonESP.cpp
  SkinChanger.cpp
  VisualizeBacktrack.cpp
  Visuals.cpp
  VisualsMisc.cpp
  World Textures.cpp
  main.cpp
  Menu.cpp
  PPGUI.cpp
  PPGUI_Commands.cpp
  PPGUI_Helpers.cpp
  PPGUI_Defines.cpp
  sdk.cpp
  Debugger.cpp
  hooks.cpp
  input_handler.cpp
  interfaces.cpp
  logging.cpp
  math.cpp
  NetvarManager.cpp
  offsets.cpp
  render.cpp
  utils.cpp
  variables.cpp
  vmt.cpp
  Bameware Recode.vcxproj -> G:\Bameware 2018\Bameware\Debug\Bameware Legacy.dll
